[    0.000000] Linux version 4.15.0-212-generic (buildd@lcy02-amd64-083) (gcc version 7.5.0 (Ubuntu 7.5.0-3ubuntu1~18.04)) #223-Ubuntu SMP Tue May 23 13:09:22 UTC 2023 (Ubuntu 4.15.0-212.223-generic 4.15.18)
[    0.000000] Command line: BOOT_IMAGE=/boot/vmlinuz-4.15.0-212-generic root=LABEL=cloudimg-rootfs ro console=tty1 console=ttyS0
[    0.000000] KERNEL supported cpus:
[    0.000000]   Intel GenuineIntel
[    0.000000]   AMD AuthenticAMD
[    0.000000]   Centaur CentaurHauls
[    0.000000] x86/fpu: x87 FPU will use FXSAVE
[    0.000000] e820: BIOS-provided physical RAM map:
[    0.000000] BIOS-e820: [mem 0x0000000000000000-0x000000000009fbff] usable
[    0.000000] BIOS-e820: [mem 0x000000000009fc00-0x000000000009ffff] reserved
[    0.000000] BIOS-e820: [mem 0x00000000000f0000-0x00000000000fffff] reserved
[    0.000000] BIOS-e820: [mem 0x0000000000100000-0x000000003ffeffff] usable
[    0.000000] BIOS-e820: [mem 0x000000003fff0000-0x000000003fffffff] ACPI data
[    0.000000] BIOS-e820: [mem 0x00000000fec00000-0x00000000fec00fff] reserved
[    0.000000] BIOS-e820: [mem 0x00000000fee00000-0x00000000fee00fff] reserved
[    0.000000] BIOS-e820: [mem 0x00000000fffc0000-0x00000000ffffffff] reserved
[    0.000000] NX (Execute Disable) protection: active
[    0.000000] SMBIOS 2.5 present.
[    0.000000] DMI: innotek GmbH VirtualBox/VirtualBox, BIOS VirtualBox 12/01/2006
[    0.000000] Hypervisor detected: KVM
[    0.000000] e820: last_pfn = 0x3fff0 max_arch_pfn = 0x400000000
[    0.000000] MTRR: Disabled
[    0.000000] x86/PAT: MTRRs disabled, skipping PAT initialization too.
[    0.000000] CPU MTRRs all blank - virtualized system.
[    0.000000] x86/PAT: Configuration [0-7]: WB  WT  UC- UC  WB  WT  UC- UC  
[    0.000000] found SMP MP-table at [mem 0x0009fff0-0x0009ffff]
[    0.000000] Scanning 1 areas for low memory corruption
[    0.000000] RAMDISK: [mem 0x359cb000-0x36cdcfff]
[    0.000000] ACPI: Early table checksum verification disabled
[    0.000000] ACPI: RSDP 0x00000000000E0000 000024 (v02 VBOX  )
[    0.000000] ACPI: XSDT 0x000000003FFF0030 00003C (v01 VBOX   VBOXXSDT 00000001 ASL  00000061)
[    0.000000] ACPI: FACP 0x000000003FFF00F0 0000F4 (v04 VBOX   VBOXFACP 00000001 ASL  00000061)
[    0.000000] ACPI: DSDT 0x000000003FFF0610 002353 (v02 VBOX   VBOXBIOS 00000002 INTL 20100528)
[    0.000000] ACPI: FACS 0x000000003FFF0200 000040
[    0.000000] ACPI: FACS 0x000000003FFF0200 000040
[    0.000000] ACPI: APIC 0x000000003FFF0240 00005C (v02 VBOX   VBOXAPIC 00000001 ASL  00000061)
[    0.000000] ACPI: SSDT 0x000000003FFF02A0 00036C (v01 VBOX   VBOXCPUT 00000002 INTL 20100528)
[    0.000000] ACPI: Reserving FACP table memory at [mem 0x3fff00f0-0x3fff01e3]
[    0.000000] ACPI: Reserving DSDT table memory at [mem 0x3fff0610-0x3fff2962]
[    0.000000] ACPI: Reserving FACS table memory at [mem 0x3fff0200-0x3fff023f]
[    0.000000] ACPI: Reserving FACS table memory at [mem 0x3fff0200-0x3fff023f]
[    0.000000] ACPI: Reserving APIC table memory at [mem 0x3fff0240-0x3fff029b]
[    0.000000] ACPI: Reserving SSDT table memory at [mem 0x3fff02a0-0x3fff060b]
[    0.000000] No NUMA configuration found
[    0.000000] Faking a node at [mem 0x0000000000000000-0x000000003ffeffff]
[    0.000000] NODE_DATA(0) allocated [mem 0x3ffc5000-0x3ffeffff]
[    0.000000] kvm-clock: cpu 0, msr 0:3ff44001, primary cpu clock
[    0.000000] kvm-clock: Using msrs 4b564d01 and 4b564d00
[    0.000000] kvm-clock: using sched offset of 3797837723 cycles
[    0.000000] clocksource: kvm-clock: mask: 0xffffffffffffffff max_cycles: 0x1cd42e4dffb, max_idle_ns: 881590591483 ns
[    0.000000] Zone ranges:
[    0.000000]   DMA      [mem 0x0000000000001000-0x0000000000ffffff]
[    0.000000]   DMA32    [mem 0x0000000001000000-0x000000003ffeffff]
[    0.000000]   Normal   empty
[    0.000000]   Device   empty
[    0.000000] Movable zone start for each node
[    0.000000] Early memory node ranges
[    0.000000]   node   0: [mem 0x0000000000001000-0x000000000009efff]
[    0.000000]   node   0: [mem 0x0000000000100000-0x000000003ffeffff]
[    0.000000] Reserved but unavailable: 104 pages
[    0.000000] Initmem setup node 0 [mem 0x0000000000001000-0x000000003ffeffff]
[    0.000000] ACPI: PM-Timer IO Port: 0x4008
[    0.000000] IOAPIC[0]: apic_id 2, version 32, address 0xfec00000, GSI 0-23
[    0.000000] ACPI: INT_SRC_OVR (bus 0 bus_irq 0 global_irq 2 dfl dfl)
[    0.000000] ACPI: INT_SRC_OVR (bus 0 bus_irq 9 global_irq 9 low level)
[    0.000000] Using ACPI (MADT) for SMP configuration information
[    0.000000] smpboot: Allowing 2 CPUs, 0 hotplug CPUs
[    0.000000] PM: Registered nosave memory: [mem 0x00000000-0x00000fff]
[    0.000000] PM: Registered nosave memory: [mem 0x0009f000-0x0009ffff]
[    0.000000] PM: Registered nosave memory: [mem 0x000a0000-0x000effff]
[    0.000000] PM: Registered nosave memory: [mem 0x000f0000-0x000fffff]
[    0.000000] e820: [mem 0x40000000-0xfebfffff] available for PCI devices
[    0.000000] Booting paravirtualized kernel on KVM
[    0.000000] clocksource: refined-jiffies: mask: 0xffffffff max_cycles: 0xffffffff, max_idle_ns: 7645519600211568 ns
[    0.000000] setup_percpu: NR_CPUS:8192 nr_cpumask_bits:2 nr_cpu_ids:2 nr_node_ids:1
[    0.000000] percpu: Embedded 50 pages/cpu s167936 r8192 d28672 u1048576
[    0.000000] PV qspinlock hash table entries: 256 (order: 0, 4096 bytes)
[    0.000000] Built 1 zonelists, mobility grouping on.  Total pages: 257913
[    0.000000] Policy zone: DMA32
[    0.000000] Kernel command line: BOOT_IMAGE=/boot/vmlinuz-4.15.0-212-generic root=LABEL=cloudimg-rootfs ro console=tty1 console=ttyS0
[    0.000000] Memory: 982644K/1048120K available (12300K kernel code, 2477K rwdata, 4324K rodata, 2480K init, 2720K bss, 65476K reserved, 0K cma-reserved)
[    0.000000] SLUB: HWalign=64, Order=0-3, MinObjects=0, CPUs=2, Nodes=1
[    0.000000] ftrace: allocating 39508 entries in 155 pages
[    0.004000] Hierarchical RCU implementation.
[    0.004000] 	RCU restricting CPUs from NR_CPUS=8192 to nr_cpu_ids=2.
[    0.004000] 	Tasks RCU enabled.
[    0.004000] RCU: Adjusting geometry for rcu_fanout_leaf=16, nr_cpu_ids=2
[    0.004000] NR_IRQS: 524544, nr_irqs: 440, preallocated irqs: 16
[    0.004000] random: crng init done
[    0.004000] Console: colour VGA+ 80x25
[    0.004000] console [tty1] enabled
[    0.004000] console [ttyS0] enabled
[    0.004000] ACPI: Core revision 20170831
[    0.004000] ACPI: 2 ACPI AML tables successfully acquired and loaded
[    0.004000] APIC: Switch to symmetric I/O mode setup
[    0.004000] ..TIMER: vector=0x30 apic1=0 pin1=2 apic2=-1 pin2=-1
[    0.004000] tsc: Detected 1896.007 MHz processor
[    0.004000] Calibrating delay loop (skipped) preset value.. 3792.01 BogoMIPS (lpj=7584028)
[    0.004000] pid_max: default: 32768 minimum: 301
[    0.004000] Security Framework initialized
[    0.004000] Yama: becoming mindful.
[    0.004087] AppArmor: AppArmor initialized
[    0.013736] Dentry cache hash table entries: 131072 (order: 8, 1048576 bytes)
[    0.021161] Inode-cache hash table entries: 65536 (order: 7, 524288 bytes)
[    0.024084] Mount-cache hash table entries: 2048 (order: 2, 16384 bytes)
[    0.028078] Mountpoint-cache hash table entries: 2048 (order: 2, 16384 bytes)
[    0.037558] Last level iTLB entries: 4KB 64, 2MB 8, 4MB 8
[    0.040007] Last level dTLB entries: 4KB 64, 2MB 0, 4MB 0, 1GB 4
[    0.044005] Spectre V1 : Mitigation: usercopy/swapgs barriers and __user pointer sanitization
[    0.048007] Spectre V2 : Mitigation: Enhanced IBRS
[    0.052003] Spectre V2 : Spectre v2 / SpectreRSB mitigation: Filling RSB on context switch
[    0.056002] Spectre V2 : Spectre v2 / PBRSB-eIBRS: Retire a single CALL on VMEXIT
[    0.060018] RETBleed: Mitigation: Enhanced IBRS
[    0.064003] Speculative Store Bypass: Vulnerable
[    0.068051] MMIO Stale Data: Vulnerable: Clear CPU buffers attempted, no microcode
[    0.072004] SRBDS: Unknown: Dependent on hypervisor status
[    0.076209] Freeing SMP alternatives memory: 36K
[    0.192356] smpboot: CPU0: Intel(R) Core(TM) i5-8365U CPU @ 1.60GHz (family: 0x6, model: 0x8e, stepping: 0xc)
[    0.196425] Performance Events: unsupported p6 CPU model 142 no PMU driver, software events only.
[    0.200176] Hierarchical SRCU implementation.
[    0.204741] NMI watchdog: Perf event create on CPU 0 failed with -2
[    0.208003] NMI watchdog: Perf NMI watchdog permanently disabled
[    0.212325] smp: Bringing up secondary CPUs ...
[    0.216811] x86: Booting SMP configuration:
[    0.220003] .... node  #0, CPUs:      #1
[    0.004000] kvm-clock: cpu 1, msr 0:3ff44041, secondary cpu clock
[    0.232000] TSC synchronization [CPU#0 -> CPU#1]:
[    0.232000] Measured 52243 cycles TSC warp between CPUs, turning off TSC clock.
[    0.232000] tsc: Marking TSC unstable due to check_tsc_sync_source failed
[    0.232299] smp: Brought up 1 node, 2 CPUs
[    0.236005] smpboot: Max logical packages: 1
[    0.240019] smpboot: Total of 2 processors activated (7584.02 BogoMIPS)
[    0.248004] devtmpfs: initialized
[    0.251309] x86/mm: Memory block size: 128MB
[    0.256094] evm: security.selinux
[    0.259579] evm: security.SMACK64
[    0.260002] evm: security.SMACK64EXEC
[    0.264002] evm: security.SMACK64TRANSMUTE
[    0.268002] evm: security.SMACK64MMAP
[    0.272005] evm: security.apparmor
[    0.276005] evm: security.ima
[    0.278593] evm: security.capability
[    0.280391] clocksource: jiffies: mask: 0xffffffff max_cycles: 0xffffffff, max_idle_ns: 7645041785100000 ns
[    0.284123] futex hash table entries: 512 (order: 3, 32768 bytes)
[    0.288199] pinctrl core: initialized pinctrl subsystem
[    0.292494] RTC time:  2:03:59, date: 08/12/24
[    0.297171] NET: Registered protocol family 16
[    0.300137] audit: initializing netlink subsys (disabled)
[    0.304204] audit: type=2000 audit(1723428244.923:1): state=initialized audit_enabled=0 res=1
[    0.312009] cpuidle: using governor ladder
[    0.316010] cpuidle: using governor menu
[    0.320135] ACPI: bus type PCI registered
[    0.324004] acpiphp: ACPI Hot Plug PCI Controller Driver version: 0.5
[    0.328612] PCI: Using configuration type 1 for base access
[    0.336192] HugeTLB registered 2.00 MiB page size, pre-allocated 0 pages
[    0.348285] ACPI: Added _OSI(Module Device)
[    0.352101] ACPI: Added _OSI(Processor Device)
[    0.356004] ACPI: Added _OSI(3.0 _SCP Extensions)
[    0.364021] ACPI: Added _OSI(Processor Aggregator Device)
[    0.368028] ACPI: Added _OSI(Linux-Dell-Video)
[    0.376004] ACPI: Added _OSI(Linux-Lenovo-NV-HDMI-Audio)
[    0.380003] ACPI: Added _OSI(Linux-HPI-Hybrid-Graphics)
[    0.388781] ACPI: Executed 1 blocks of module-level executable AML code
[    0.402358] ACPI: Interpreter enabled
[    0.404018] ACPI: (supports S0 S5)
[    0.408003] ACPI: Using IOAPIC for interrupt routing
[    0.412391] PCI: Using host bridge windows from ACPI; if necessary, use "pci=nocrs" and report a bug
[    0.420222] ACPI: Enabled 2 GPEs in block 00 to 07
[    0.437184] ACPI: PCI Root Bridge [PCI0] (domain 0000 [bus 00-ff])
[    0.444015] acpi PNP0A03:00: _OSC: OS supports [ASPM ClockPM Segments MSI]
[    0.448755] acpi PNP0A03:00: _OSC: not requesting OS control; OS requires [ExtendedConfig ASPM ClockPM MSI]
[    0.456023] acpi PNP0A03:00: fail to add MMCONFIG information, can't access extended PCI configuration space under this bridge.
[    0.468738] PCI host bridge to bus 0000:00
[    0.472009] pci_bus 0000:00: root bus resource [io  0x0000-0x0cf7 window]
[    0.476007] pci_bus 0000:00: root bus resource [io  0x0d00-0xffff window]
[    0.484004] pci_bus 0000:00: root bus resource [mem 0x000a0000-0x000bffff window]
[    0.492007] pci_bus 0000:00: root bus resource [mem 0x40000000-0xfdffffff window]
[    0.496009] pci_bus 0000:00: root bus resource [bus 00-ff]
[    0.509632] pci 0000:00:01.1: legacy IDE quirk: reg 0x10: [io  0x01f0-0x01f7]
[    0.516003] pci 0000:00:01.1: legacy IDE quirk: reg 0x14: [io  0x03f6]
[    0.520003] pci 0000:00:01.1: legacy IDE quirk: reg 0x18: [io  0x0170-0x0177]
[    0.524003] pci 0000:00:01.1: legacy IDE quirk: reg 0x1c: [io  0x0376]
[    0.552969] pci 0000:00:07.0: quirk: [io  0x4000-0x403f] claimed by PIIX4 ACPI
[    0.556035] pci 0000:00:07.0: quirk: [io  0x4100-0x410f] claimed by PIIX4 SMB
[    0.575543] ACPI: PCI Interrupt Link [LNKA] (IRQs 5 9 10 *11)
[    0.580507] ACPI: PCI Interrupt Link [LNKB] (IRQs 5 9 *10 11)
[    0.584189] ACPI: PCI Interrupt Link [LNKC] (IRQs 5 *9 10 11)
[    0.592030] ACPI: PCI Interrupt Link [LNKD] (IRQs 5 9 10 *11)
[    0.596605] SCSI subsystem initialized
[    0.600210] pci 0000:00:02.0: vgaarb: setting as boot VGA device
[    0.604000] pci 0000:00:02.0: vgaarb: VGA device added: decodes=io+mem,owns=io+mem,locks=none
[    0.616008] pci 0000:00:02.0: vgaarb: bridge control possible
[    0.620002] vgaarb: loaded
[    0.622675] ACPI: bus type USB registered
[    0.624053] usbcore: registered new interface driver usbfs
[    0.632011] usbcore: registered new interface driver hub
[    0.636010] usbcore: registered new device driver usb
[    0.640206] EDAC MC: Ver: 3.0.0
[    0.644785] PCI: Using ACPI for IRQ routing
[    0.652396] NetLabel: Initializing
[    0.655553] NetLabel:  domain hash size = 128
[    0.660004] NetLabel:  protocols = UNLABELED CIPSOv4 CALIPSO
[    0.664136] NetLabel:  unlabeled traffic allowed by default
[    0.668276] clocksource: Switched to clocksource kvm-clock
[    0.708077] VFS: Disk quotas dquot_6.6.0
[    0.713726] VFS: Dquot-cache hash table entries: 512 (order 0, 4096 bytes)
[    0.720543] AppArmor: AppArmor Filesystem Enabled
[    0.725551] pnp: PnP ACPI init
[    0.730061] pnp: PnP ACPI: found 3 devices
[    0.741837] clocksource: acpi_pm: mask: 0xffffff max_cycles: 0xffffff, max_idle_ns: 2085701024 ns
[    0.749465] NET: Registered protocol family 2
[    0.754068] IP idents hash table entries: 16384 (order: 5, 131072 bytes)
[    0.760003] TCP established hash table entries: 8192 (order: 4, 65536 bytes)
[    0.766144] TCP bind hash table entries: 8192 (order: 5, 131072 bytes)
[    0.772334] TCP: Hash tables configured (established 8192 bind 8192)
[    0.778209] UDP hash table entries: 512 (order: 2, 16384 bytes)
[    0.783440] UDP-Lite hash table entries: 512 (order: 2, 16384 bytes)
[    0.789190] NET: Registered protocol family 1
[    0.793320] pci 0000:00:00.0: Limiting direct PCI/PCI transfers
[    0.798461] pci 0000:00:01.0: Activating ISA DMA hang workarounds
[    0.803924] pci 0000:00:02.0: Video device with shadowed ROM at [mem 0x000c0000-0x000dffff]
[    0.811004] Unpacking initramfs...
[    0.986264] Freeing initrd memory: 19528K
[    1.248749] clocksource: tsc: mask: 0xffffffffffffffff max_cycles: 0x36a8df9348d, max_idle_ns: 881590424422 ns
[    1.257072] platform rtc_cmos: registered platform RTC device (no PNP device found)
[    1.263926] Scanning for low memory corruption every 60 seconds
[    1.271263] Initialise system trusted keyrings
[    1.276289] Key type blacklist registered
[    1.280180] workingset: timestamp_bits=36 max_order=18 bucket_order=0
[    1.288541] zbud: loaded
[    1.291918] squashfs: version 4.0 (2009/01/31) Phillip Lougher
[    1.297436] fuse init (API version 7.26)
[    1.341901] Key type asymmetric registered
[    1.345650] Asymmetric key parser 'x509' registered
[    1.349460] Block layer SCSI generic (bsg) driver version 0.4 loaded (major 246)
[    1.356345] io scheduler noop registered
[    1.360141] io scheduler deadline registered
[    1.364167] io scheduler cfq registered (default)
[    1.368993] ACPI: AC Adapter [AC] (on-line)
[    1.372838] input: Power Button as /devices/LNXSYSTM:00/LNXPWRBN:00/input/input0
[    1.379097] ACPI: Power Button [PWRF]
[    1.382275] input: Sleep Button as /devices/LNXSYSTM:00/LNXSLPBN:00/input/input1
[    1.383040] ACPI: Sleep Button [SLPF]
[    1.393353] Serial: 8250/16550 driver, 32 ports, IRQ sharing enabled
[    1.394661] ACPI: Battery Slot [BAT0] (battery present)
[    1.427688] 00:02: ttyS0 at I/O 0x3f8 (irq = 4, base_baud = 115200) is a 16550A
[    1.430959] Linux agpgart interface v0.103
[    1.445277] loop: module loaded
[    1.451611] scsi host0: ata_piix
[    1.455543] scsi host1: ata_piix
[    1.458519] ata1: PATA max UDMA/33 cmd 0x1f0 ctl 0x3f6 bmdma 0xd000 irq 14
[    1.464246] ata2: PATA max UDMA/33 cmd 0x170 ctl 0x376 bmdma 0xd008 irq 15
[    1.470891] tun: Universal TUN/TAP device driver, 1.6
[    1.476292] PPP generic driver version 2.4.2
[    1.480171] ehci_hcd: USB 2.0 'Enhanced' Host Controller (EHCI) Driver
[    1.486939] ehci-pci: EHCI PCI platform driver
[    1.491825] ehci-platform: EHCI generic platform driver
[    1.497321] ohci_hcd: USB 1.1 'Open' Host Controller (OHCI) Driver
[    1.503286] ohci-pci: OHCI PCI platform driver
[    1.508125] ohci-platform: OHCI generic platform driver
[    1.513517] uhci_hcd: USB Universal Host Controller Interface driver
[    1.519690] i8042: PNP: PS/2 Controller [PNP0303:PS2K,PNP0f03:PS2M] at 0x60,0x64 irq 1,12
[    1.533691] serio: i8042 KBD port at 0x60,0x64 irq 1
[    1.537096] serio: i8042 AUX port at 0x60,0x64 irq 12
[    1.546373] mousedev: PS/2 mouse device common for all mice
[    1.556608] rtc_cmos rtc_cmos: rtc core: registered rtc_cmos as rtc0
[    1.563125] rtc_cmos rtc_cmos: alarms up to one day, 114 bytes nvram
[    1.569881] i2c /dev entries driver
[    1.574140] input: AT Translated Set 2 keyboard as /devices/platform/i8042/serio0/input/input2
[    1.577743] device-mapper: uevent: version 1.0.3
[    1.587322] device-mapper: ioctl: 4.37.0-ioctl (2017-09-20) initialised: dm-devel@redhat.com
[    1.595784] ledtrig-cpu: registered to indicate activity on CPUs
[    1.604708] NET: Registered protocol family 10
[    1.619909] Segment Routing with IPv6
[    1.624606] NET: Registered protocol family 17
[    1.632272] Key type dns_resolver registered
[    1.656414] mce: Using 0 MCE banks
[    1.659396] RAS: Correctable Errors collector initialized.
[    1.664403] sched_clock: Marking stable (1664300920, 0)->(2329055606, -664754686)
[    1.686695] registered taskstats version 1
[    1.691925] Loading compiled-in X.509 certificates
[    1.701463] Loaded X.509 cert 'Build time autogenerated kernel key: b5b26778eaa3ab3a4a6cee031137706e947d12ad'
[    1.711723] Loaded X.509 cert 'Canonical Ltd. Live Patch Signing: 14df34d1a87cf37625abec039ef2bf521249b969'
[    1.722516] Loaded X.509 cert 'Canonical Ltd. Kernel Module Signing: 88f752e560a1e0737e31163a466ad7b70a850c19'
[    1.731287] blacklist: Loading compiled-in revocation X.509 certificates
[    1.737135] Loaded X.509 cert 'Canonical Ltd. Secure Boot Signing: 61482aa2830d0ab2ad5af10b7250da9033ddcef0'
[    1.745882] Loaded X.509 cert 'Canonical Ltd. Secure Boot Signing (2017): 242ade75ac4a15e50d50c84b0d45ff3eae707a03'
[    1.754662] Loaded X.509 cert 'Canonical Ltd. Secure Boot Signing (ESM 2018): 365188c1d374d6b07c3c8f240f8ef722433d6a8b'
[    1.764638] Loaded X.509 cert 'Canonical Ltd. Secure Boot Signing (2019): c0746fd6c5da3ae827864651ad66ae47fe24b3e8'
[    1.774318] Loaded X.509 cert 'Canonical Ltd. Secure Boot Signing (2021 v1): a8d54bbb3825cfb94fa13c9f8a594a195c107b8d'
[    1.783804] Loaded X.509 cert 'Canonical Ltd. Secure Boot Signing (2021 v2): 4cf046892d6fd3c9a5b03f98d845f90851dc6a8c'
[    1.793324] Loaded X.509 cert 'Canonical Ltd. Secure Boot Signing (2021 v3): 100437bb6de6e469b581e61cd66bce3ef4ed53af'
[    1.802563] Loaded X.509 cert 'Canonical Ltd. Secure Boot Signing (Ubuntu Core 2019): c1d57b8f6b743f23ee41f4f7ee292f06eecadfb9'
[    1.812608] zswap: loaded using pool lzo/zbud
[    1.826492] Key type big_key registered
[    1.830342] Key type trusted registered
[    1.838043] Key type encrypted registered
[    1.841690] AppArmor: AppArmor sha1 policy hashing enabled
[    1.845860] ima: No TPM chip found, activating TPM-bypass! (rc=-19)
[    1.851326] ima: Allocated hash algorithm: sha1
[    1.855512] evm: HMAC attrs: 0x1
[    1.859093]   Magic number: 4:635:55
[    1.863143] rtc_cmos rtc_cmos: setting system clock to 2024-08-12 02:04:01 UTC (1723428241)
[    1.870820] BIOS EDD facility v0.16 2004-Jun-25, 0 devices found
[    1.876391] EDD information not available.
[    1.884000] Freeing unused kernel image memory: 2480K
[    1.919041] Write protecting the kernel read-only data: 20480k
[    1.925845] Freeing unused kernel image memory: 2008K
[    1.930414] Freeing unused kernel image memory: 1820K
[    1.941877] x86/mm: Checked W+X mappings: passed, no W+X pages found.
Loading, please wait...
starting version 237
[    2.030248] e1000: Intel(R) PRO/1000 Network Driver - version 7.3.21-k8-NAPI
[    2.037937] e1000: Copyright (c) 1999-2006 Intel Corporation.
[    2.061255] Fusion MPT base driver 3.04.20
[    2.066432] Copyright (c) 1999-2008 LSI Corporation
[    2.085080] Fusion MPT SPI Host driver 3.04.20
[    2.091954] SSE version of gcm_enc/dec engaged.
[    2.272506] input: ImExPS/2 Generic Explorer Mouse as /devices/platform/i8042/serio1/input/input4
[    2.720194] e1000 0000:00:03.0 eth0: (PCI:33MHz:32-bit) 02:3b:7b:b7:3b:2d
[    2.726571] e1000 0000:00:03.0 eth0: Intel(R) PRO/1000 Network Connection
[    3.341103] e1000 0000:00:08.0 eth1: (PCI:33MHz:32-bit) 08:00:27:3a:81:d2
[    3.346976] e1000 0000:00:08.0 eth1: Intel(R) PRO/1000 Network Connection
[    3.355433] e1000 0000:00:03.0 enp0s3: renamed from eth0
[    3.357474] mptbase: ioc0: Initiating bringup
[    3.376693] e1000 0000:00:08.0 enp0s8: renamed from eth1
[ 2337.067614] INFO: rcu_sched self-detected stall on CPU
[ 2337.069803] INFO: rcu_sched detected stalls on CPUs/tasks:
[ 2337.074069] 	1-...!: (1 ticks this GP) idle=bc6/140000000000001/0 softirq=704/704 fqs=1 
[ 2337.089101] 	 (t=33665 jiffies g=-213 c=-214 q=82)
[ 2337.089218] 	1-...!: (1 ticks this GP) idle=bc6/140000000000001/0 softirq=704/704 fqs=1 
[ 2337.095806] rcu_sched kthread starved for 33662 jiffies! g18446744073709551403 c18446744073709551402 f0x0 RCU_GP_WAIT_FQS(3) ->state=0x402 ->cpu=0
[ 2337.105209] 	(detected by 0, t=33665 jiffies, g=-213, c=-214, q=82)
[ 2337.120171] rcu_sched       I    0     8      2 0x80000000
[ 2337.128033] Sending NMI from CPU 0 to CPUs 1:
[ 2337.134384] Call Trace:
[ 2337.139970] NMI backtrace for cpu 1
[ 2337.139971] CPU: 1 PID: 158 Comm: systemd-udevd Not tainted 4.15.0-212-generic #223-Ubuntu
[ 2337.139972] Hardware name: innotek GmbH VirtualBox/VirtualBox, BIOS VirtualBox 12/01/2006
[ 2337.139973] RIP: 0010:io_serial_in+0x18/0x20
[ 2337.139973] RSP: 0018:ffff8fd4bfd03ad8 EFLAGS: 00010002
[ 2337.139974] RAX: ffffffffa0c20b60 RBX: ffffffffa2116e60 RCX: 0000000000000000
[ 2337.139975] RDX: 00000000000003fd RSI: 0000000000000005 RDI: ffffffffa2116e60
[ 2337.139976] RBP: ffff8fd4bfd03ad8 R08: 0000000000000000 R09: 0000000000000007
[ 2337.139976] R10: 0000000000000000 R11: ffffffffa1f6a80d R12: 0000000000002710
[ 2337.139977] R13: 0000000000000020 R14: ffffffffa1f6a801 R15: ffffffffa2116e60
[ 2337.139977] FS:  00007feef63d8680(0000) GS:ffff8fd4bfd00000(0000) knlGS:0000000000000000
[ 2337.139978] CS:  0010 DS: 0000 ES: 0000 CR0: 0000000080050033
[ 2337.139979] CR2: 00007feef61b36e8 CR3: 0000000036976003 CR4: 00000000000206e0
[ 2337.139979] Call Trace:
[ 2337.139979]  <IRQ>
[ 2337.139980]  wait_for_xmitr+0x47/0xb0
[ 2337.139980]  serial8250_console_putchar+0x1c/0x40
[ 2337.139981]  ? wait_for_xmitr+0xb0/0xb0
[ 2337.139981]  uart_console_write+0x4c/0x60
[ 2337.139982]  serial8250_console_write+0x10a/0x2a0
[ 2337.139982]  ? msg_print_text+0x80/0x100
[ 2337.139983]  univ8250_console_write+0x21/0x30
[ 2337.139983]  console_unlock+0x3cf/0x560
[ 2337.139984]  vprintk_emit+0x134/0x2c0
[ 2337.139984]  vprintk_default+0x29/0x50
[ 2337.139985]  vprintk_func+0x47/0xc0
[ 2337.139985]  printk+0x52/0x6e
[ 2337.139986]  show_trace_log_lvl+0x8c/0x3d0
[ 2337.139986]  ? vprintk_default+0x29/0x50
[ 2337.139987]  ? vprintk_func+0x47/0xc0
[ 2337.139987]  show_stack+0x34/0x50
[ 2337.139987]  sched_show_task+0xfe/0x130
[ 2337.139988]  rcu_check_gp_kthread_starvation+0xad/0xc0
[ 2337.139988]  rcu_check_callbacks+0x6c5/0x8e0
[ 2337.139989]  ? tick_sched_do_timer+0x50/0x50
[ 2337.139989]  update_process_times+0x2f/0x60
[ 2337.139990]  tick_sched_handle+0x26/0x70
[ 2337.139990]  ? tick_sched_do_timer+0x42/0x50
[ 2337.139991]  tick_sched_timer+0x39/0x80
[ 2337.139991]  __hrtimer_run_queues+0xdf/0x230
[ 2337.139992]  hrtimer_interrupt+0x97/0x180
[ 2337.139992]  smp_apic_timer_interrupt+0x6f/0x140
[ 2337.139993]  apic_timer_interrupt+0x90/0xa0
[ 2337.139993]  </IRQ>
[ 2337.139994] RIP: 0010:do_syscall_64+0x23/0x130
[ 2337.139994] RSP: 0018:ffffa5c700437f38 EFLAGS: 00010246 ORIG_RAX: ffffffffffffff11
[ 2337.139996] RAX: 0000000000000000 RBX: ffffa5c700437f58 RCX: ffff8fd4b98f15c0
[ 2337.139996] RDX: 0000000000000000 RSI: 0000562da0af6b00 RDI: ffffa5c700437f58
[ 2337.139997] RBP: ffffa5c700437f48 R08: 0000000000000000 R09: 0000000000000000
[ 2337.139998] R10: 0000000000000000 R11: 0000000000000000 R12: 0000000000000000
[ 2337.139998] R13: 0000000000000000 R14: 0000000000000000 R15: 0000000000000000
[ 2337.139999]  ? do_syscall_64+0x121/0x130
[ 2337.139999]  entry_SYSCALL_64_after_hwframe+0x59/0xbe
[ 2337.140000] RIP: 0033:0x7feef5ed4031
[ 2337.140000] RSP: 002b:00007ffeb8528568 EFLAGS: 00000246 ORIG_RAX: 0000000000000000
[ 2337.140001] RAX: ffffffffffffffda RBX: 0000562da0ac7260 RCX: 00007feef5ed4031
[ 2337.140002] RDX: 0000000000001000 RSI: 0000562da0af6b00 RDI: 000000000000000d
[ 2337.140003] RBP: 00007feef61ac2a0 R08: 0000000000000000 R09: 0000000000000000
[ 2337.140004] R10: 0000562da0ac7010 R11: 0000000000000246 R12: 0000562da0af6b00
[ 2337.140004] R13: 0000000000001001 R14: 0000000000000d68 R15: 0000000000001001
[ 2337.140004] Code: 48 89 e5 d3 e6 48 63 f6 48 03 77 10 8b 06 5d c3 0f 1f 00 0f 1f 44 00 00 0f b6 8f a1 00 00 00 8b 57 08 55 48 89 e5 d3 e6 01 f2 ec <0f> b6 c0 5d c3 0f 1f 00 0f 1f 44 00 00 0f b6 8f a1 00 00 00 89 
[ 2337.140023] rcu_sched kthread starved for 33662 jiffies! g18446744073709551403 c18446744073709551402 f0x0 RCU_GP_WAIT_FQS(3) ->state=0x402 ->cpu=0
[ 2337.142769]  __schedule+0x24e/0x890
[ 2337.146956] rcu_sched       I    0     8      2 0x80000000
[ 2337.156209]  schedule+0x2c/0x80
[ 2337.164927] Call Trace:
[ 2337.169842]  schedule_timeout+0x15d/0x370
[ 2337.177385]  __schedule+0x24e/0x890
[ 2337.177389]  schedule+0x2c/0x80
[ 2337.185019]  ? __next_timer_interrupt+0xe0/0xe0
[ 2337.193002]  schedule_timeout+0x15d/0x370
[ 2337.193008]  ? __next_timer_interrupt+0xe0/0xe0
[ 2337.201459]  rcu_gp_kthread+0x53a/0x980
[ 2337.209075]  rcu_gp_kthread+0x53a/0x980
[ 2337.217072]  kthread+0x121/0x140
[ 2337.227135]  kthread+0x121/0x140
[ 2337.234504]  ? rcu_note_context_switch+0x150/0x150
[ 2337.243873]  ? rcu_note_context_switch+0x150/0x150
[ 2337.246988]  ? kthread_create_worker_on_cpu+0x70/0x70
[ 2337.249747]  ? kthread_create_worker_on_cpu+0x70/0x70
[ 2337.255394]  ret_from_fork+0x1f/0x40
[ 2337.262016]  ret_from_fork+0x1f/0x40
[ 2337.267494] NMI backtrace for cpu 1
[ 2337.632320] CPU: 1 PID: 158 Comm: systemd-udevd Not tainted 4.15.0-212-generic #223-Ubuntu
[ 2337.639866] Hardware name: innotek GmbH VirtualBox/VirtualBox, BIOS VirtualBox 12/01/2006
[ 2337.648570] Call Trace:
[ 2337.651047]  <IRQ>
[ 2337.653593]  dump_stack+0x6d/0x8b
[ 2337.657108]  nmi_cpu_backtrace+0x94/0xa0
[ 2337.660720]  ? lapic_can_unplug_cpu+0xb0/0xb0
[ 2337.664831]  nmi_trigger_cpumask_backtrace+0xe7/0x130
[ 2337.670183]  arch_trigger_cpumask_backtrace+0x19/0x20
[ 2337.675048]  rcu_dump_cpu_stacks+0xa3/0xd5
[ 2337.679043]  rcu_check_callbacks+0x6cd/0x8e0
[ 2337.682996]  ? tick_sched_do_timer+0x50/0x50
[ 2337.687138]  update_process_times+0x2f/0x60
[ 2337.690930]  tick_sched_handle+0x26/0x70
[ 2337.695023]  ? tick_sched_do_timer+0x42/0x50
[ 2337.698820]  tick_sched_timer+0x39/0x80
[ 2337.702367]  __hrtimer_run_queues+0xdf/0x230
[ 2337.706231]  hrtimer_interrupt+0x97/0x180
[ 2337.710118]  smp_apic_timer_interrupt+0x6f/0x140
[ 2337.714330]  apic_timer_interrupt+0x90/0xa0
[ 2337.718014]  </IRQ>
[ 2337.720421] RIP: 0010:do_syscall_64+0x23/0x130
[ 2337.724367] RSP: 0018:ffffa5c700437f38 EFLAGS: 00010246 ORIG_RAX: ffffffffffffff11
[ 2337.731511] RAX: 0000000000000000 RBX: ffffa5c700437f58 RCX: ffff8fd4b98f15c0
[ 2337.738178] RDX: 0000000000000000 RSI: 0000562da0af6b00 RDI: ffffa5c700437f58
[ 2337.744587] RBP: ffffa5c700437f48 R08: 0000000000000000 R09: 0000000000000000
[ 2337.751730] R10: 0000000000000000 R11: 0000000000000000 R12: 0000000000000000
[ 2337.758662] R13: 0000000000000000 R14: 0000000000000000 R15: 0000000000000000
[ 2337.764880]  ? do_syscall_64+0x121/0x130
[ 2337.768587]  entry_SYSCALL_64_after_hwframe+0x59/0xbe
[ 2337.772902] RIP: 0033:0x7feef5ed4031
[ 2337.776100] RSP: 002b:00007ffeb8528568 EFLAGS: 00000246 ORIG_RAX: 0000000000000000
[ 2337.782601] RAX: ffffffffffffffda RBX: 0000562da0ac7260 RCX: 00007feef5ed4031
[ 2337.789213] RDX: 0000000000001000 RSI: 0000562da0af6b00 RDI: 000000000000000d
[ 2337.795577] RBP: 00007feef61ac2a0 R08: 0000000000000000 R09: 0000000000000000
[ 2337.801652] R10: 0000562da0ac7010 R11: 0000000000000246 R12: 0000562da0af6b00
[ 2337.807881] R13: 0000000000001001 R14: 0000000000000d68 R15: 0000000000001001
[ 2337.814725] INFO: rcu_sched self-detected stall on CPU
[ 2337.814775] INFO: rcu_sched detected stalls on CPUs/tasks:
[ 2337.819071] 	1-...!: (2 ticks this GP) idle=bc6/140000000000001/0 softirq=704/704 fqs=1 
[ 2337.831022] 	 (t=583607 jiffies g=-213 c=-214 q=82)
[ 2337.831071] 	1-...!: (2 ticks this GP) idle=bc6/140000000000001/0 softirq=704/704 fqs=1 
[ 2337.836024] rcu_sched kthread starved for 583604 jiffies! g18446744073709551403 c18446744073709551402 f0x2 RCU_GP_WAIT_FQS(3) ->state=0x200 ->cpu=0
[ 2337.843391] 	(detected by 0, t=583607 jiffies, g=-213, c=-214, q=82)
[ 2337.855653] rcu_sched       R    0     8      2 0x80000000
[ 2337.861496] Sending NMI from CPU 0 to CPUs 1:
[ 2337.866560] Call Trace:
[ 2337.871385] NMI backtrace for cpu 1
[ 2337.871386] CPU: 1 PID: 158 Comm: systemd-udevd Not tainted 4.15.0-212-generic #223-Ubuntu
[ 2337.871386] Hardware name: innotek GmbH VirtualBox/VirtualBox, BIOS VirtualBox 12/01/2006
[ 2337.871386] RIP: 0010:io_serial_in+0x18/0x20
[ 2337.871387] RSP: 0018:ffff8fd4bfd03ad8 EFLAGS: 00010002
[ 2337.871387] RAX: ffffffffa0c20b60 RBX: ffffffffa2116e60 RCX: 0000000000000000
[ 2337.871388] RDX: 00000000000003fd RSI: 0000000000000005 RDI: ffffffffa2116e60
[ 2337.871388] RBP: ffff8fd4bfd03ad8 R08: 0000000000000000 R09: 0000000000000007
[ 2337.871388] R10: 0000000000000000 R11: ffffffffa1f6a80d R12: 0000000000002710
[ 2337.871389] R13: 0000000000000020 R14: ffffffffa1f6a802 R15: ffffffffa2116e60
[ 2337.871389] FS:  00007feef63d8680(0000) GS:ffff8fd4bfd00000(0000) knlGS:0000000000000000
[ 2337.871389] CS:  0010 DS: 0000 ES: 0000 CR0: 0000000080050033
[ 2337.871390] CR2: 00007feef61b36e8 CR3: 0000000036976003 CR4: 00000000000206e0
[ 2337.871390] Call Trace:
[ 2337.871390]  <IRQ>
[ 2337.871390]  wait_for_xmitr+0x47/0xb0
[ 2337.871391]  serial8250_console_putchar+0x1c/0x40
[ 2337.871391]  ? wait_for_xmitr+0xb0/0xb0
[ 2337.871391]  uart_console_write+0x4c/0x60
[ 2337.871391]  serial8250_console_write+0x10a/0x2a0
[ 2337.871392]  ? msg_print_text+0x80/0x100
[ 2337.871392]  univ8250_console_write+0x21/0x30
[ 2337.871392]  console_unlock+0x3cf/0x560
[ 2337.871392]  vprintk_emit+0x134/0x2c0
[ 2337.871393]  vprintk_default+0x29/0x50
[ 2337.871393]  vprintk_func+0x47/0xc0
[ 2337.871393]  printk+0x52/0x6e
[ 2337.871393]  show_trace_log_lvl+0x8c/0x3d0
[ 2337.871394]  ? vprintk_default+0x29/0x50
[ 2337.871394]  ? vprintk_func+0x47/0xc0
[ 2337.871394]  show_stack+0x34/0x50
[ 2337.871394]  sched_show_task+0xfe/0x130
[ 2337.871395]  rcu_check_gp_kthread_starvation+0xad/0xc0
[ 2337.871395]  rcu_check_callbacks+0x6c5/0x8e0
[ 2337.871395]  ? tick_sched_do_timer+0x50/0x50
[ 2337.871395]  update_process_times+0x2f/0x60
[ 2337.871396]  tick_sched_handle+0x26/0x70
[ 2337.871396]  ? tick_sched_do_timer+0x42/0x50
[ 2337.871396]  tick_sched_timer+0x39/0x80
[ 2337.871396]  __hrtimer_run_queues+0xdf/0x230
[ 2337.871397]  hrtimer_interrupt+0x97/0x180
[ 2337.871397]  smp_apic_timer_interrupt+0x6f/0x140
[ 2337.871397]  apic_timer_interrupt+0x90/0xa0
[ 2337.871397]  </IRQ>
[ 2337.871398] RIP: 0010:do_syscall_64+0x23/0x130
[ 2337.871398] RSP: 0018:ffffa5c700437f38 EFLAGS: 00010246 ORIG_RAX: ffffffffffffff11
[ 2337.871399] RAX: 0000000000000000 RBX: ffffa5c700437f58 RCX: ffff8fd4b98f15c0
[ 2337.871399] RDX: 0000000000000000 RSI: 0000562da0af6b00 RDI: ffffa5c700437f58
[ 2337.871399] RBP: ffffa5c700437f48 R08: 0000000000000000 R09: 0000000000000000
[ 2337.871400] R10: 0000000000000000 R11: 0000000000000000 R12: 0000000000000000
[ 2337.871400] R13: 0000000000000000 R14: 0000000000000000 R15: 0000000000000000
[ 2337.871400]  ? do_syscall_64+0x121/0x130
[ 2337.871401]  entry_SYSCALL_64_after_hwframe+0x59/0xbe
[ 2337.871401] RIP: 0033:0x7feef5ed4031
[ 2337.871401] RSP: 002b:00007ffeb8528568 EFLAGS: 00000246 ORIG_RAX: 0000000000000000
[ 2337.871402] RAX: ffffffffffffffda RBX: 0000562da0ac7260 RCX: 00007feef5ed4031
[ 2337.871402] RDX: 0000000000001000 RSI: 0000562da0af6b00 RDI: 000000000000000d
[ 2337.871402] RBP: 00007feef61ac2a0 R08: 0000000000000000 R09: 0000000000000000
[ 2337.871403] R10: 0000562da0ac7010 R11: 0000000000000246 R12: 0000562da0af6b00
[ 2337.871403] R13: 0000000000001001 R14: 0000000000000d68 R15: 0000000000001001
[ 2337.871403] Code: 48 89 e5 d3 e6 48 63 f6 48 03 77 10 8b 06 5d c3 0f 1f 00 0f 1f 44 00 00 0f b6 8f a1 00 00 00 8b 57 08 55 48 89 e5 d3 e6 01 f2 ec <0f> b6 c0 5d c3 0f 1f 00 0f 1f 44 00 00 0f b6 8f a1 00 00 00 89 
[ 2337.871414] rcu_sched kthread starved for 583604 jiffies! g18446744073709551403 c18446744073709551402 f0x2 RCU_GP_WAIT_FQS(3) ->state=0x200 ->cpu=0
[ 2337.873251]  __schedule+0x24e/0x890
[ 2337.876775] rcu_sched       R    0     8      2 0x80000000
[ 2337.883959]  schedule+0x2c/0x80
[ 2337.892088] Call Trace:
[ 2337.897259]  schedule_timeout+0x15d/0x370
[ 2337.901855]  __schedule+0x24e/0x890
[ 2337.908348]  ? __next_timer_interrupt+0xe0/0xe0
[ 2337.915516]  schedule+0x2c/0x80
[ 2337.921878]  rcu_gp_kthread+0x53a/0x980
[ 2337.928979]  schedule_timeout+0x15d/0x370
[ 2337.935318]  kthread+0x121/0x140
[ 2337.942910]  ? __next_timer_interrupt+0xe0/0xe0
[ 2337.948615]  ? rcu_note_context_switch+0x150/0x150
[ 2337.955328]  rcu_gp_kthread+0x53a/0x980
[ 2337.958099]  ? kthread_create_worker_on_cpu+0x70/0x70
[ 2337.960210]  kthread+0x121/0x140
[ 2337.963541]  ret_from_fork+0x1f/0x40
[ 2337.967707]  ? rcu_note_context_switch+0x150/0x150
[ 2337.971243] NMI backtrace for cpu 1
[ 2337.971246] CPU: 1 PID: 158 Comm: systemd-udevd Not tainted 4.15.0-212-generic #223-Ubuntu
[ 2337.975086]  ? kthread_create_worker_on_cpu+0x70/0x70
[ 2337.979767] Hardware name: innotek GmbH VirtualBox/VirtualBox, BIOS VirtualBox 12/01/2006
[ 2337.983369]  ret_from_fork+0x1f/0x40
[ 2337.987289] Call Trace:
[ 2338.303212]  <IRQ>
[ 2338.305325]  dump_stack+0x6d/0x8b
[ 2338.308622]  nmi_cpu_backtrace+0x94/0xa0
[ 2338.312389]  ? lapic_can_unplug_cpu+0xb0/0xb0
[ 2338.317818]  nmi_trigger_cpumask_backtrace+0xe7/0x130
[ 2338.322565]  arch_trigger_cpumask_backtrace+0x19/0x20
[ 2338.327597]  rcu_dump_cpu_stacks+0xa3/0xd5
[ 2338.331544]  rcu_check_callbacks+0x6cd/0x8e0
[ 2338.335762]  ? tick_sched_do_timer+0x50/0x50
[ 2338.340230]  update_process_times+0x2f/0x60
[ 2338.345141]  tick_sched_handle+0x26/0x70
[ 2338.349788]  ? tick_sched_do_timer+0x42/0x50
[ 2338.354356]  tick_sched_timer+0x39/0x80
[ 2338.358375]  __hrtimer_run_queues+0xdf/0x230
[ 2338.362374]  hrtimer_interrupt+0x97/0x180
[ 2338.366174]  smp_apic_timer_interrupt+0x6f/0x140
[ 2338.370598]  apic_timer_interrupt+0x90/0xa0
[ 2338.374654]  </IRQ>
[ 2338.376809] RIP: 0010:do_syscall_64+0x23/0x130
[ 2338.381543] RSP: 0018:ffffa5c700437f38 EFLAGS: 00010246 ORIG_RAX: ffffffffffffff11
[ 2338.388445] RAX: 0000000000000000 RBX: ffffa5c700437f58 RCX: ffff8fd4b98f15c0
[ 2338.395550] RDX: 0000000000000000 RSI: 0000562da0af6b00 RDI: ffffa5c700437f58
[ 2338.402543] RBP: ffffa5c700437f48 R08: 0000000000000000 R09: 0000000000000000
[ 2338.410493] R10: 0000000000000000 R11: 0000000000000000 R12: 0000000000000000
[ 2338.417463] R13: 0000000000000000 R14: 0000000000000000 R15: 0000000000000000
[ 2338.424478]  ? do_syscall_64+0x121/0x130
[ 2338.428489]  entry_SYSCALL_64_after_hwframe+0x59/0xbe
[ 2338.434459] RIP: 0033:0x7feef5ed4031
[ 2338.438597] RSP: 002b:00007ffeb8528568 EFLAGS: 00000246 ORIG_RAX: 0000000000000000
[ 2338.446603] RAX: ffffffffffffffda RBX: 0000562da0ac7260 RCX: 00007feef5ed4031
[ 2338.453757] RDX: 0000000000001000 RSI: 0000562da0af6b00 RDI: 000000000000000d
[ 2338.460562] RBP: 00007feef61ac2a0 R08: 0000000000000000 R09: 0000000000000000
[ 2338.467843] R10: 0000562da0ac7010 R11: 0000000000000246 R12: 0000562da0af6b00
[ 2338.475395] R13: 0000000000001001 R14: 0000000000000d68 R15: 0000000000001001
[ 2338.573101] ioc0: LSI53C1030 A0: Capabilities={Initiator}
[ 2339.091145] scsi host2: ioc0: LSI53C1030 A0, FwRev=00000000h, Ports=1, MaxQ=256, IRQ=20
[ 2339.285626] scsi 2:0:0:0: Direct-Access     VBOX     HARDDISK         1.0  PQ: 0 ANSI: 5
[ 2339.324213] scsi target2:0:0: Beginning Domain Validation
[ 2339.337096] scsi target2:0:0: Domain Validation skipping write tests
[ 2339.342603] scsi target2:0:0: Ending Domain Validation
[ 2339.347680] scsi target2:0:0: asynchronous
[ 2339.354509] scsi 2:0:1:0: Direct-Access     VBOX     HARDDISK         1.0  PQ: 0 ANSI: 5
[ 2339.392636] scsi target2:0:1: Beginning Domain Validation
[ 2339.405744] scsi target2:0:1: Domain Validation skipping write tests
[ 2339.411648] scsi target2:0:1: Ending Domain Validation
[ 2339.417157] scsi target2:0:1: asynchronous
[ 2339.437249] sd 2:0:0:0: Attached scsi generic sg0 type 0
[ 2339.438244] sd 2:0:0:0: [sda] 83886080 512-byte logical blocks: (42.9 GB/40.0 GiB)
[ 2339.452222] sd 2:0:1:0: Attached scsi generic sg1 type 0
[ 2339.453618] sd 2:0:1:0: [sdb] 20480 512-byte logical blocks: (10.5 MB/10.0 MiB)
[ 2339.462390] sd 2:0:0:0: [sda] Write Protect is off
[ 2339.470370] sd 2:0:1:0: [sdb] Write Protect is off
[ 2339.484825] sd 2:0:1:0: [sdb] Incomplete mode parameter data
[ 2339.492855] sd 2:0:1:0: [sdb] Assuming drive cache: write through
[ 2339.500973] sd 2:0:0:0: [sda] Incomplete mode parameter data
[ 2339.508417] sd 2:0:0:0: [sda] Assuming drive cache: write through
[ 2339.524591]  sda: sda1
[ 2339.532700] sd 2:0:0:0: [sda] Attached SCSI disk
[ 2339.532806] sd 2:0:1:0: [sdb] Attached SCSI disk
Begin: Loading essential drivers ... [ 2341.864743] raid6: sse2x1   gen() 10802 MB/s
[ 2341.916183] raid6: sse2x1   xor()  6111 MB/s
[ 2341.964525] raid6: sse2x2   gen() 14440 MB/s
[ 2342.016292] raid6: sse2x2   xor()  8573 MB/s
[ 2342.068713] raid6: sse2x4   gen() 13679 MB/s
[ 2342.120268] raid6: sse2x4   xor()  7293 MB/s
[ 2342.124689] raid6: using algorithm sse2x2 gen() 14440 MB/s
[ 2342.130465] raid6: .... xor() 8573 MB/s, rmw enabled
[ 2342.134871] raid6: using ssse3x2 recovery algorithm
[ 2342.145147] xor: measuring software checksum speed
[ 2342.243659]    prefetch64-sse: 56556.000 MB/sec
[ 2342.347065]    generic_sse: 52653.000 MB/sec
[ 2342.351255] xor: using function: prefetch64-sse (56556.000 MB/sec)
[ 2342.362033] async_tx: api initialized (async)
done.
Begin: Running /scripts/init-premount ... done.
Begin: Mounting root file system ... Begin: Running /scripts/local-top ... done.
Begin: Running /scripts/local-premount ... [ 2342.435362] Btrfs loaded, crc32c=crc32c-intel
Scanning for Btrfs filesystems
done.
Warning: fsck not present, so skipping root file system
[ 2342.518292] EXT4-fs (sda1): mounted filesystem with ordered data mode. Opts: (null)
done.
Begin: Running /scripts/local-bottom ... done.
Begin: Running /scripts/init-bottom ... done.
[ 2342.770401] ip_tables: (C) 2000-2006 Netfilter Core Team
[ 2342.796214] systemd[1]: systemd 237 running in system mode. (+PAM +AUDIT +SELINUX +IMA +APPARMOR +SMACK +SYSVINIT +UTMP +LIBCRYPTSETUP +GCRYPT +GNUTLS +ACL +XZ +LZ4 +SECCOMP +BLKID +ELFUTILS +KMOD -IDN2 +IDN -PCRE2 default-hierarchy=hybrid)
[ 2342.814261] systemd[1]: Detected virtualization oracle.
[ 2342.818727] systemd[1]: Detected architecture x86-64.

Welcome to [1mUbuntu 18.04.6 LTS[0m!

[ 2342.855122] systemd[1]: Set hostname to <ubuntu>.
[ 2342.865245] systemd[1]: Initializing machine ID from random generator.
[ 2342.871538] systemd[1]: Installed transient /etc/machine-id file.
[ 2343.268142] systemd[1]: Reached target Swap.
[[0;32m  OK  [0m] Reached target Swap.
[ 2343.277674] systemd[1]: Reached target Mounting snaps.
[[0;32m  OK  [0m] Reached target Mounting snaps.
[ 2343.284247] systemd[1]: Started Forward Password Requests to Wall Directory Watch.
[[0;32m  OK  [0m] Started Forward Password Requests to Wall Directory Watch.
[ 2343.305956] systemd[1]: Created slice System Slice.
[[0;32m  OK  [0m] Created slice System Slice.
[[0;32m  OK  [0m] Listening on LVM2 metadata daemon socket.
[[0;32m  OK  [0m] Listening on /dev/initctl Compatibility Named Pipe.
[[0;32m  OK  [0m] Listening on Syslog Socket.
[[0;32m  OK  [0m] Listening on Journal Socket (/dev/log).
[[0;32m  OK  [0m] Listening on fsck to fsckd communication Socket.
[[0;32m  OK  [0m] Listening on Journal Audit Socket.
[[0;32m  OK  [0m] Reached target System Time Synchronized.
[[0;32m  OK  [0m] Created slice system-serial\x2dgetty.slice.
[[0;32m  OK  [0m] Listening on Network Service Netlink Socket.
[[0;32m  OK  [0m] Listening on Journal Socket.
         Starting Set the console keyboard layout...
         Starting File System Check on Root Device...
[[0;32m  OK  [0m] Listening on LVM2 poll daemon socket.
[[0;32m  OK  [0m] Set up automount Arbitrary Executab…rmats File System Automount Point.
[[0;32m  OK  [0m] Created slice User and Session Slice.
         Starting Create list of required st…ce nodes for the current kernel...
         Mounting Huge Pages File System...
         Mounting Kernel Debug File System...
         Starting Journal Service...
[[0;32m  OK  [0m] Reached target Mounted snaps.
         Starting Uncomplicated firewall...
[[0;32m  OK  [0m] Listening on udev Kernel Socket.
         Mounting POSIX Message Queue File System...
[[0;32m  OK  [0m] Listening on Device-mapper event daemon FIFOs.
         Starting Monitoring of LVM2 mirrors…ng dmeventd or progress polling...
         Starting Load Kernel Modules...
[[0;32m  OK  [0m] Reached target User and Group Name Lookups.
[[0;32m  OK  [0m] Listening on udev Control Socket.
         Starting udev Coldplug all Devices...
[[0;32m  OK  [0m] Reached target Slices.
[[0;32m  OK  [0m] Started File System Check on Root Device.
[[0;32m  OK  [0m] Started Create list of required sta…vice nodes for the current kernel.
[[0;32m  OK  [0m] Mounted Huge Pages File System.
[[0;32m  OK  [0m] Mounted Kernel Debug File System.
[[0;32m  OK  [0m] Started Uncomplicated firewall.
[[0;32m  OK  [0m] Mounted POSIX Message Queue File System.
[[0;32m  OK  [0m] Started File System Check Daemon to report status.
         Starting Create Static Device Nodes in /dev...
         Starting Remount Root and Kernel File Systems...
[ 2343.513133] Loading iSCSI transport class v2.0-870.
[[0;32m  OK  [0m] Started Journal Service.
[ 2343.526995] iscsi: registered transport (tcp)
[[0;32m  OK  [0m] Started LVM2 metadata daemon.
[[0;32m  OK  [0m] Started udev Coldplug all Devices.
[[0;32m  OK  [0m] Started Create Static Device Nodes in /dev.
[ 2343.616568] EXT4-fs (sda1): re-mounted. Opts: (null)
[[0;32m  OK  [0m] Started Remount Root and Kernel File Systems.
         Starting Flush Journal to Persistent Storage...
         Starting Load/Save Random Seed...
         Starting udev Kernel Device Manager...
[[0;32m  OK  [0m] Started Load/Save Random Seed.
[ 2343.688571] systemd-journald[408]: Received request to flush runtime journal from PID 1
[[0;32m  OK  [0m] Started Monitoring of LVM2 mirrors,…sing dmeventd or progress polling.
[[0;32m  OK  [0m] Started udev Kernel Device Manager.
[[0;32m  OK  [0m] Started Flush Journal to Persistent Storage.
[ 2343.831315] iscsi: registered transport (iser)
[[0;32m  OK  [0m] Started Load Kernel Modules.
         Mounting FUSE Control File System...
         Starting Apply Kernel Variables...
         Mounting Kernel Configuration File System...
[[0;32m  OK  [0m] Mounted FUSE Control File System.
[[0;32m  OK  [0m] Mounted Kernel Configuration File System.
[[0;32m  OK  [0m] Started Apply Kernel Variables.
[[0;32m  OK  [0m] Found device /dev/ttyS0.
[[0;32m  OK  [0m] Started Set the console keyboard layout.
[[0;32m  OK  [0m] Reached target Local File Systems (Pre).
[[0;32m  OK  [0m] Reached target Local File Systems.
         Starting AppArmor initialization...
         Starting Set console font and keymap...
         Starting Create Volatile Files and Directories...
         Starting Tell Plymouth To Write Out Runtime Data...
         Starting Commit a transient machine-id on disk...
         Starting ebtables ruleset management...
[[0;32m  OK  [0m] Started Dispatch Password Requests to Console Directory Watch.
[[0;32m  OK  [0m] Reached target Local Encrypted Volumes.
[[0;32m  OK  [0m] Started Tell Plymouth To Write Out Runtime Data.
[[0;32m  OK  [0m] Started Create Volatile Files and Directories.
         Starting Update UTMP about System Boot/Shutdown...
[[0;32m  OK  [0m] Listening on Load/Save RF Kill Switch Status /dev/rfkill Watch.
[[0;32m  OK  [0m] Started Update UTMP about System Boot/Shutdown.
[[0;32m  OK  [0m] Started Commit a transient machine-id on disk.
[[0;32m  OK  [0m] Started ebtables ruleset management.
         Mounting Arbitrary Executable File Formats File System...
[[0;32m  OK  [0m] Mounted Arbitrary Executable File Formats File System.
[[0;32m  OK  [0m] Started AppArmor initialization.
         Starting Initial cloud-init job (pre-networking)...
         Starting Load AppArmor profiles managed internally by snapd...
[[0;32m  OK  [0m] Started Load AppArmor profiles managed internally by snapd.
[[0;32m  OK  [0m] Started Set console font and keymap.
[ 2347.939926] cloud-init[752]: Cloud-init v. 23.1.2-0ubuntu0~18.04.1 running 'init-local' at Mon, 12 Aug 2024 02:43:07 +0000. Up 2347.54 seconds.
[[0;32m  OK  [0m] Started Initial cloud-init job (pre-networking).
[[0;32m  OK  [0m] Reached target Network (Pre).
         Starting Network Service...
[[0;32m  OK  [0m] Started Network Service.
         Starting Network Name Resolution...
         Starting Wait for Network to be Configured...
[[0;32m  OK  [0m] Started Network Name Resolution.
[[0;32m  OK  [0m] Reached target Network.
[[0;32m  OK  [0m] Reached target Host and Network Name Lookups.
[[0;32m  OK  [0m] Started Wait for Network to be Configured.
         Starting Initial cloud-init job (metadata service crawler)...
[ 2350.550261] cloud-init[891]: Cloud-init v. 23.1.2-0ubuntu0~18.04.1 running 'init' at Mon, 12 Aug 2024 02:43:10 +0000. Up 2350.40 seconds.
[ 2350.557449] cloud-init[891]: ci-info: ++++++++++++++++++++++++++++++++++++++Net device info+++++++++++++++++++++++++++++++++++++++
[ 2350.563640] cloud-init[891]: ci-info: +--------+-------+----------------------------+---------------+--------+-------------------+
[ 2350.570148] cloud-init[891]: ci-info: | Device |   Up  |          Address           |      Mask     | Scope  |     Hw-Address    |
[ 2350.576700] cloud-init[891]: ci-info: +--------+-------+----------------------------+---------------+--------+-------------------+
[ 2350.582715] cloud-init[891]: ci-info: | enp0s3 |  True |         10.0.2.15          | 255.255.255.0 | global | 02:3b:7b:b7:3b:2d |
[ 2350.588940] cloud-init[891]: ci-info: | enp0s3 |  True | fe80::3b:7bff:feb7:3b2d/64 |       .       |  link  | 02:3b:7b:b7:3b:2d |
[ 2350.595276] cloud-init[891]: ci-info: | enp0s8 | False |             .              |       .       |   .    | 08:00:27:3a:81:d2 |
[ 2350.601767] cloud-init[891]: ci-info: |   lo   |  True |         127.0.0.1          |   255.0.0.0   |  host  |         .         |
[ 2350.607897] cloud-init[891]: ci-info: |   lo   |  True |          ::1/128           |       .       |  host  |         .         |
[ 2350.611922] cloud-init[891]: ci-info: +--------+-------+----------------------------+---------------+--------+-------------------+
[ 2350.615575] cloud-init[891]: ci-info: ++++++++++++++++++++++++++++Route IPv4 info+++++++++++++++++++++++++++++
[ 2350.618500] cloud-init[891]: ci-info: +-------+-------------+----------+-----------------+-----------+-------+
[ 2350.621482] cloud-init[891]: ci-info: | Route | Destination | Gateway  |     Genmask     | Interface | Flags |
[ 2350.625031] cloud-init[891]: ci-info: +-------+-------------+----------+-----------------+-----------+-------+
[ 2350.627987] cloud-init[891]: ci-info: |   0   |   0.0.0.0   | 10.0.2.2 |     0.0.0.0     |   enp0s3  |   UG  |
[ 2350.631215] cloud-init[891]: ci-info: |   1   |   10.0.2.0  | 0.0.0.0  |  255.255.255.0  |   enp0s3  |   U   |
[ 2350.634505] cloud-init[891]: ci-info: |   2   |   10.0.2.2  | 0.0.0.0  | 255.255.255.255 |   enp0s3  |   UH  |
[ 2350.637489] cloud-init[891]: ci-info: +-------+-------------+----------+-----------------+-----------+-------+
[ 2350.640410] cloud-init[891]: ci-info: +++++++++++++++++++Route IPv6 info+++++++++++++++++++
[ 2350.642821] cloud-init[891]: ci-info: +-------+-------------+---------+-----------+-------+
[ 2350.645263] cloud-init[891]: ci-info: | Route | Destination | Gateway | Interface | Flags |
[ 2350.647650] cloud-init[891]: ci-info: +-------+-------------+---------+-----------+-------+
[ 2350.661010] cloud-init[891]: ci-info: |   1   |  fe80::/64  |    ::   |   enp0s3  |   U   |
[ 2350.663675] cloud-init[891]: ci-info: |   3   |    local    |    ::   |   enp0s3  |   U   |
[ 2350.666153] cloud-init[891]: ci-info: |   4   |   ff00::/8  |    ::   |   enp0s3  |   U   |
[ 2350.668769] cloud-init[891]: ci-info: +-------+-------------+---------+-----------+-------+
[ 2351.443881] cloud-init[891]: Generating public/private rsa key pair.
[ 2351.449550] cloud-init[891]: Your identification has been saved in /etc/ssh/ssh_host_rsa_key.
[ 2351.454606] cloud-init[891]: Your public key has been saved in /etc/ssh/ssh_host_rsa_key.pub.
[ 2351.459549] cloud-init[891]: The key fingerprint is:
[ 2351.463690] cloud-init[891]: SHA256:QwiiWh/0aybgNSG51wMVlYwPp/HEyB0Js3hnBkapY7Q root@ubuntu-bionic
[ 2351.468993] cloud-init[891]: The key's randomart image is:
[ 2351.473345] cloud-init[891]: +---[RSA 2048]----+
[ 2351.477217] cloud-init[891]: |  o.++O@o+       |
[ 2351.481158] cloud-init[891]: | ..+o*B=O        |
[ 2351.484988] cloud-init[891]: |. oo===O=        |
[ 2351.488955] cloud-init[[0;32m  OK  [0m] Started Initial cloud-init job (metadata service crawler).
[[0;32m  OK  [0m[891]: |.o.+E++*o        |
[ 2351.499108] cloud-init[891]: |. .oo.+.S        |
[ 2351.502795] cloud-init] Reached target Cloud-config availability.
[[0;32m  OK  [0m] Reached target System Initialization.
[[0;32m  OK  [0m[891]: |     +   .       |
[ 2351.514687] cloud-init[891]: |                 |
[ 2351.518299] cloud-init[891]: ] Started Ubuntu Advantage Timer for running repeated jobs.
[[0;32m  OK  [0m] Started ACPI Events Check.
[[0;32m  OK  [0m] Listening on cloud-init hotplug hook socket.
[[0;32m  OK  [0m] Listening on UUID daemon activation socket.
[[0;32m  OK  [0m] Started Discard unused blocks once a week.
         Starting LXD - unix socket.
[[0;32m  OK  [0m] Reached target Paths.
[[0;32m  OK  [0m] Started Daily Cleanup of Temporary Directories.
[[0;32m  OK  [0m] Started Daily apt download activities.
         Starting Socket activation for snappy daemon.
[[0;32m  OK  [0m] Listening on D-Bus System Message Bus Socket.
[[0;32m  OK  [0m] Started Message of the Day.
[[0;32m  OK  [0m] Listening on ACPID Listen Socket.
[[0;32m  OK  [0m] Listening on Open-iSCSI iscsid Socket.
[[0;32m  OK  [0m] Started Daily apt upgrade and clean activities.
[[0;32m  OK  [0m] Reached target Timers.
[[0;32m  OK  [0m] Reached target Network is Online.
[[0;32m  OK  [0m] Reached target Remote File Systems (Pre).
[[0;32m  OK  [0m] Reached target Remote File Systems.
         Starting Availability of block devices...
[[0;32m  OK  [0m] Listening on LXD - unix socket.
         Starting Cleanup of Temporary Directories...
[[0;32m  OK  [0m] Started Availability of block devices.
[[0;32m  OK  [0m] Listening on Socket activation for snappy daemon.
[[0;32m  OK  [0m] Reached target Sockets.
[[0;32m  OK  [0m] Reached target Basic System.
         Starting LSB: automatic crash report generation...
         Starting Accounts Service...
         Starting LXD - container startup/shutdown...
[[0;32m  OK  [0m] Reached target Login Prompts (Pre).
[[0;32m  OK  [0m] Started Regular background program processing daemon.
[[0;32m  OK  [0m] Started Deferred execution scheduler.
         Starting LSB: Record successful boot for GRUB...
         Starting Snap Daemon...
         Starting System Logging Service...
[[0;32m  OK  [0m] Started irqbalance daemon.
|                 |
         Starting Virtualbox guest utils...
[[0;32m  OK  [0m] Started FUSE filesystem for LXC.
[ 2351.587802] cloud-init[891]: |                 |
[ 2351.595819] cloud-init[891]: +----[SHA256]-----+
[ 2351.612098] cloud-init[891]: Generating public/private dsa key pair.
[ 2351.623377] cloud-init[891]: Your identification has been saved in /etc/ssh/ssh_host_dsa_key.
[ 2351.630777] cloud-init[891]: Your public key has been saved in /etc/ssh/ssh_host_dsa_key.pub.
[ 2351.637977] cloud-init[891]: The key fingerprint is:
[ 2351.642038] cloud-init[891]: SHA256:G45PVLeBwbgYEWRn0k+3ctnvOIR+GcTkmgM6hD6sT5I root@ubuntu-bionic
[ 2351.650498] cloud-init[891]: The key's randomart image is:
[ 2351.655508] cloud-init[891]: +---[DSA 1024]----+
[ 2351.659310] cloud-init[891]: |     .*+oo.      |
[ 2351.663443] cloud-init[891]: |     ..+o oo. .  |
[ 2351.672006] cloud-init[891]: |       + +o.oB   |
[ 2351.676035] cloud-init[891]: |      o o.+.+o=  |
[ 2351.683258] cloud-init[891]: |     o .S. +.= . |
[ 2351.687601] cloud-init[891]: |     .++oo  = o .|
[ 2351.691745] cloud-init[891]: |    E.o.+. . o = |
[ 2351.696572] cloud-init[891]: |    .o o    . = .|
[ 2351.700637] cloud-init[891]: |     .. .    . . |
[ 2351.704733] cloud-init[891]: +----[SHA256]-----+
[ 2351.709250] cloud-init[891]: Generating public/private ecdsa key pair.
[ 2351.716570] cloud-init[891]: Your identification has been saved in /etc/ssh/ssh_host_ecdsa_key.
[ 2351.719993] cloud-init[891]: Your public key has been saved in /etc/ssh/ssh_host_ecdsa_key.pub.
[ 2351.732770] cloud-init[891]: The key fingerprint is:
[ 2351.734464] cloud-init[891]: SHA256:Zk9D6Lq89DzPNK4ecEZrgA75cyWQKgrRSeZEVWh+3Ns root@ubuntu-bionic
[ 2351.737064] cloud-init[891]: The key's randomart image is:
[ 2351.738719] cloud-init[891]: +---[ECDSA 256]---+
[ 2351.740256] cloud-init[891]: | +=oo+.          |
[ 2351.742219] cloud-init[891]: |.+o.+o   .       |
[ 2351.746021] cloud-init[891]: | .++..o.+ .      |
[ 2351.751764]          Starting Dispatcher daemon for systemd-networkd...
         Starting Pollinate to seed the pseudo random number generator...
[[0;32m  OK  [0m] Started D-Bus System Message Bus.
cloud-init[891]: |o .+. o*.o       |
[ 2351.762892] cloud-init[891]: |o.  +.o Soo      |
[ 2351.767434] cloud-init[891]: |.    o O.oE.     |
[ 2351.773050] cloud-init[891]: |      o . +      |
[ 2351.778128] cloud-init[891]: |     o +.= .     |
[ 2351.782553] cloud-init[891]: |      +o=++      |
[ 2351.787610] cloud-init[891]: +----[SHA256]-----+
[ 2351.794757] cloud-init[891]: Generating public/private ed25519 key pair.
[ 2351.797338] cloud-init[891]: Your identification has been saved in /etc/ssh/ssh_host_ed25519_key.
[ 2351.801054] cloud-init[891]: Your public key has been saved in /etc/ssh/ssh_host_ed25519_key.pub.
[ 2351.803907] cloud-init[891]: The key fingerprint is:
[ 2351.805760] cloud-init[891]: SHA256:J3M49OHYa312ujREk9gaQa/TDHzSykOUNbK/ZCGiPrE root@ubuntu-bionic
[ 2351.808681] cloud-init[891]: The key's randomart image is:
[ 2351.810511] cloud-init[891]: +--[ED25519 256]--+
[ 2351.812270] cloud-init[891]: |           .=oo  |
[ 2351.814232] cloud-init[891]: |           o.O o |
[ 2351.817626] cloud-init[891]: |        . o X X  |
[ 2351.819337] cloud-init[891]: |       . B = # o |
[ 2351.820887] cloud-init[891]: |        S * B B  |
[ 2351.822601] cloud-init[891]: |       . O o * . |
[ 2351.824396] cloud-init[891]: |        E o . * .|
[ 2351.826233] cloud-init[891]: |         o   + + |
[ 2351.839493] cloud-init[891]: |              o. |
[ 2351.842957] cloud-init[891]: +----[SHA256]-----+
         Starting Permit User Sessions...
         Starting Login Service...
[[0;32m  OK  [0m] Started System Logging Service.
[[0;32m  OK  [0m] Started Cleanup of Temporary Directories.
[[0;32m  OK  [0m] Started Permit User Sessions.
         Starting Hold until boot process finishes up...
         Starting Terminate Plymouth Boot Screen...
[[0;32m  OK  [0m] Started Hold until boot process finishes up.
[[0;32m  OK  [0m] Started Serial Getty on ttyS0.
         Starting Set console scheme...
[[0;32m  OK  [0m] Started Terminate Plymouth Boot Screen.
[[0;32m  OK  [0m] Started LSB: automatic crash report generation.
[[0;32m  OK  [0m] Started Set console scheme.
[[0;32m  OK  [0m] Started Login Service.
[[0;32m  OK  [0m] Started Unattended Upgrades Shutdown.
[[0;32m  OK  [0m] Created slice system-getty.slice.
[[0;32m  OK  [0m] Started Getty on tty1.
[[0;32m  OK  [0m] Reached target Login Prompts.
         Starting Authorization Manager...
[[0;32m  OK  [0m] Started Virtualbox guest utils.
[[0;32m  OK  [0m] Started LSB: Record successful boot for GRUB.
[[0;32m  OK  [0m] Started Authorization Manager.
[[0;32m  OK  [0m] Started Accounts Service.
[[0;32m  OK  [0m] Started LXD - container startup/shutdown.
[[0;32m  OK  [0m] Started Dispatcher daemon for systemd-networkd.
[[0;32m  OK  [0m] Started Snap Daemon.
         Starting Wait until snapd is fully seeded...
         Starting Time & Date Service...
[[0;32m  OK  [0m] Started Time & Date Service.
[[0;32m  OK  [0m] Started Pollinate to seed the pseudo random number generator.
         Starting OpenBSD Secure Shell server...
[[0;32m  OK  [0m] Started OpenBSD Secure Shell server.
[[0;32m  OK  [0m] Started Wait until snapd is fully seeded.
         Starting Apply the settings specified in cloud-config...
[ 2357.215677] cloud-init[1410]: Cloud-init v. 23.1.2-0ubuntu0~18.04.1 running 'modules:config' at Mon, 12 Aug 2024 02:43:16 +0000. Up 2356.68 seconds.

Ubuntu 18.04.6 LTS ubuntu-bionic ttyS0

ubuntu-bionic login: ci-info: no authorized SSH keys fingerprints found for user ubuntu.
<14>Aug 12 02:43:17 cloud-init: #############################################################
<14>Aug 12 02:43:17 cloud-init: -----BEGIN SSH HOST KEY FINGERPRINTS-----
<14>Aug 12 02:43:17 cloud-init: 1024 SHA256:G45PVLeBwbgYEWRn0k+3ctnvOIR+GcTkmgM6hD6sT5I root@ubuntu-bionic (DSA)
<14>Aug 12 02:43:17 cloud-init: 256 SHA256:Zk9D6Lq89DzPNK4ecEZrgA75cyWQKgrRSeZEVWh+3Ns root@ubuntu-bionic (ECDSA)
<14>Aug 12 02:43:17 cloud-init: 256 SHA256:J3M49OHYa312ujREk9gaQa/TDHzSykOUNbK/ZCGiPrE root@ubuntu-bionic (ED25519)
<14>Aug 12 02:43:17 cloud-init: 2048 SHA256:QwiiWh/0aybgNSG51wMVlYwPp/HEyB0Js3hnBkapY7Q root@ubuntu-bionic (RSA)
<14>Aug 12 02:43:17 cloud-init: -----END SSH HOST KEY FINGERPRINTS-----
<14>Aug 12 02:43:17 cloud-init: #############################################################
-----BEGIN SSH HOST KEY KEYS-----
ecdsa-sha2-nistp256 AAAAE2VjZHNhLXNoYTItbmlzdHAyNTYAAAAIbmlzdHAyNTYAAABBBBU78xQKNFI26+1apYb4QaqBuPYBIG/f79Medi/VfcFodFbNx62A0tcGemmxJEIWyoD+q0JIgwB0yCe8miq7gSM= root@ubuntu-bionic
ssh-ed25519 AAAAC3NzaC1lZDI1NTE5AAAAIA3fX+WN6Ul1HXPfId7m1vE0YEw0SdhrsZHS0ITLXgNJ root@ubuntu-bionic
ssh-rsa AAAAB3NzaC1yc2EAAAADAQABAAABAQCyMMZpJmxToo7dAlbGyO8Imho8bJBTZ9BYTOjVd8cKbntT/sjGpHq0SfOGVNVc+GOoGS75s5odFjS+g1YRpvYCVG7aQ0Qn0BpJd2HUQnQp+Xhyh+YUxq4rmdOwvhdlLM5CbboLGYbXfXefMOYStxGvCjF/nfNUzOU+BM4a2Jz6Qgf1lgO32w44pg1LqxGrDJ/dyPp+HV0hEyYSh3s6PbXMaiMrsDzPCk7BnfwuHHxAfTZ3XHe5vd8Ok7FIR+R2yTm+tNJ1sEqU+lKTpEcOn8zGuwSlqqJV5wSAYIjhboRjFOixmPGUto61/2z1qylngRfow9V6qgpsScwyjs6IV8rb root@ubuntu-bionic
-----END SSH HOST KEY KEYS-----
[ 2358.336036] cloud-init[1466]: Cloud-init v. 23.1.2-0ubuntu0~18.04.1 running 'modules:final' at Mon, 12 Aug 2024 02:43:17 +0000. Up 2357.97 seconds.
[ 2358.336390] cloud-init[1466]: Cloud-init v. 23.1.2-0ubuntu0~18.04.1 finished at Mon, 12 Aug 2024 02:43:17 +0000. Datasource DataSourceNoCloud [seed=/dev/sdb][dsmode=net].  Up 2358.32 seconds
